2019-7-7 0:1:6 
'successSubscribed'

2019-7-7 0:1:30 
'successSubscribed'

2019-7-7 0:3:6 
'successSubscribed'

2019-7-7 0:30:20 
'NoneType' object has no attribute 'text'

2019-7-7 0:30:20 
'NoneType' object has no attribute 'text'

2019-7-7 0:30:21 
'NoneType' object has no attribute 'text'

2019-7-7 0:30:21 
'NoneType' object has no attribute 'text'

2019-7-7 0:30:21 
'NoneType' object has no attribute 'text'

2019-7-7 0:35:11 
'set' object is not subscriptable

2019-7-7 0:37:4 
'set' object is not subscriptable

2019-7-7 0:38:49 
'set' object is not subscriptable

2019-7-7 0:39:56 
'bool' object has no attribute 'to_dic'

2019-7-7 0:41:41 
'bool' object has no attribute 'to_dic'

2019-7-7 0:42:21 
'bool' object has no attribute 'to_dic'

2019-7-7 0:52:58 
'str' object is not callable

2019-7-7 0:53:40 
'str' object is not callable

2019-7-7 0:53:48 
'str' object is not callable

2019-7-7 0:55:6 
string indices must be integers

2019-7-7 0:55:27 
string indices must be integers

2019-7-7 0:55:57 
string indices must be integers

2019-7-7 0:56:14 
string indices must be integers

2019-7-7 1:0:58 
can only concatenate str (not "dict") to str

2019-7-7 1:2:27 
can only concatenate str (not "dict") to str

2019-7-7 1:3:17 
can only concatenate str (not "dict") to str

2019-7-7 1:3:27 
can only concatenate str (not "dict") to str

2019-7-7 1:3:43 
can only concatenate str (not "dict") to str

2019-7-7 1:4:9 
can only concatenate str (not "dict") to str

2019-7-7 1:4:46 
can only concatenate str (not "dict") to str

2019-7-7 1:5:49 
can only concatenate str (not "dict") to str

2019-7-7 1:6:0 
can only concatenate str (not "dict") to str

2019-7-7 1:6:8 
can only concatenate str (not "dict") to str

2019-7-7 1:6:13 
can only concatenate str (not "dict") to str

2019-7-7 1:6:20 
can only concatenate str (not "dict") to str

2019-7-7 1:6:33 
can only concatenate str (not "dict") to str

2019-7-7 1:11:31 
can only concatenate str (not "dict") to str

2019-7-7 1:11:58 
can only concatenate str (not "dict") to str

2019-7-7 1:15:52 
'function' object has no attribute 'chat'

2019-7-7 1:16:36 
'function' object has no attribute 'chat'

2019-7-7 1:30:29 
'NoneType' object has no attribute 'text'

2019-7-7 1:30:29 
'NoneType' object has no attribute 'text'

2019-7-7 1:30:29 
'NoneType' object has no attribute 'text'

2019-7-7 1:30:30 
'NoneType' object has no attribute 'text'

2019-7-7 1:30:30 
'NoneType' object has no attribute 'text'

2019-7-7 2:30:20 
'NoneType' object has no attribute 'text'

2019-7-7 2:30:20 
'NoneType' object has no attribute 'text'

2019-7-7 2:30:21 
'NoneType' object has no attribute 'text'

2019-7-7 2:30:21 
'NoneType' object has no attribute 'text'

2019-7-7 2:30:21 
'NoneType' object has no attribute 'text'

